2026-04-11 15:24:56,240 [INFO] cosmoscurves: Storage initialized and backend started.
2026-04-11 15:26:13,893 [ERROR] cosmoscurves: Calibration failed for session TEST123: Session not found
2026-04-11 15:26:41,617 [INFO] cosmoscurves: New session created: Y8V9OV (ID: bbb504ec-8a06-4cc8-a722-4d8ca009f23a)
2026-04-11 15:26:41,617 [INFO] cosmoscurves: Session capture URL: http://localhost:3001?session=Y8V9OV
2026-04-11 15:27:24,448 [ERROR] cosmoscurves: Calibration failed for session Y8V9OV: No markers detected
2026-04-11 15:28:47,660 [INFO] cosmoscurves: Backend shutting down.
2026-04-11 15:28:48,772 [INFO] cosmoscurves: Storage initialized and backend started.
2026-04-11 15:29:03,015 [INFO] cosmoscurves: Backend shutting down.
2026-04-11 15:29:03,958 [INFO] cosmoscurves: Storage initialized and backend started.
2026-04-11 15:29:15,278 [INFO] cosmoscurves: Backend shutting down.
2026-04-11 15:29:16,161 [INFO] cosmoscurves: Storage initialized and backend started.
2026-04-11 15:29:35,647 [INFO] cosmoscurves: Backend shutting down.
2026-04-11 15:29:37,782 [INFO] cosmoscurves: Storage initialized and backend started.
2026-04-11 15:29:47,157 [INFO] cosmoscurves: New session created: D3Y80O (ID: 320c8dd1-9b9a-476c-82a3-51ff292b2439)
2026-04-11 15:29:47,157 [INFO] cosmoscurves: Session capture URL: http://localhost:3001?session=D3Y80O
2026-04-11 15:30:56,380 [INFO] cosmoscurves: [DEBUG] Calibration request - RGB: r=232, g=80, b=142
2026-04-11 15:30:56,380 [INFO] cosmoscurves: [DEBUG] Converted to BGR: [142, 80, 232]
2026-04-11 15:30:56,380 [INFO] cosmoscurves: [DEBUG] Distance: 10 cm
2026-04-11 15:30:56,380 [INFO] cosmoscurves: [DEBUG] Image base64 length: 60668
2026-04-11 15:30:56,381 [INFO] cosmoscurves: [DEBUG] Decoded image bytes: 45499
2026-04-11 15:30:56,394 [ERROR] cosmoscurves: Calibration failed for session D3Y80O: No markers detected
2026-04-11 15:31:56,868 [INFO] cosmoscurves: Backend shutting down.
2026-04-11 15:31:58,203 [INFO] cosmoscurves: Storage initialized and backend started.
2026-04-11 15:32:06,189 [INFO] cosmoscurves: Backend shutting down.
2026-04-11 15:32:07,411 [INFO] cosmoscurves: Storage initialized and backend started.
2026-04-11 15:32:14,202 [INFO] cosmoscurves: Backend shutting down.
2026-04-11 15:32:15,521 [INFO] cosmoscurves: Storage initialized and backend started.
2026-04-11 15:32:35,728 [INFO] cosmoscurves: New session created: EAZAGJ (ID: d2912c20-dd39-4195-8c3b-44cd383eb30c)
2026-04-11 15:32:35,728 [INFO] cosmoscurves: Session capture URL: http://localhost:3001?session=EAZAGJ
2026-04-11 15:33:04,543 [INFO] cosmoscurves: [DEBUG] Calibration request - RGB: r=233, g=56, b=126
2026-04-11 15:33:04,543 [INFO] cosmoscurves: [DEBUG] Converted to BGR: [126, 56, 233]
2026-04-11 15:33:04,543 [INFO] cosmoscurves: [DEBUG] Distance: 10 cm
2026-04-11 15:33:04,543 [INFO] cosmoscurves: [DEBUG] Image base64 length: 56136
2026-04-11 15:33:04,543 [INFO] cosmoscurves: [DEBUG] Decoded image bytes: 42102
2026-04-11 15:33:04,557 [ERROR] cosmoscurves: Calibration failed for session EAZAGJ: No markers detected
2026-04-11 15:35:51,050 [INFO] cosmoscurves: New session created: RM0CT4 (ID: c29f28cd-89ea-40bb-ba78-ed33d740d1ea)
2026-04-11 15:35:51,050 [INFO] cosmoscurves: Session capture URL: http://localhost:3001?session=RM0CT4
2026-04-11 15:36:16,783 [INFO] cosmoscurves: [DEBUG] Calibration request - RGB: r=247, g=67, b=146
2026-04-11 15:36:16,783 [INFO] cosmoscurves: [DEBUG] Converted to BGR: [146, 67, 247]
2026-04-11 15:36:16,783 [INFO] cosmoscurves: [DEBUG] Distance: 10 cm
2026-04-11 15:36:16,783 [INFO] cosmoscurves: [DEBUG] Image base64 length: 52196
2026-04-11 15:36:16,783 [INFO] cosmoscurves: [DEBUG] Decoded image bytes: 39147
2026-04-11 15:36:16,796 [INFO] cosmoscurves: [DEBUG] Calibration result: {'px_per_cm': np.float64(37.94364241872411), 'marker1': {'x_px': 105, 'y_px': 338}, 'marker2': {'x_px': 479, 'y_px': 274}, 'y_axis': [np.float64(0.9856723713362889), np.float64(-0.16867120792920454)], 'x_axis': [np.float64(0.16867120792920454), np.float64(0.9856723713362889)], 'px_distance': np.float64(379.43642418724113)}
2026-04-11 15:36:16,796 [INFO] cosmoscurves: Session RM0CT4 calibrated with markers: 37.94 px/cm
2026-04-11 15:37:02,614 [INFO] cosmoscurves: Backend shutting down.
